<?xml version="1.0" encoding="UTF-8"?>
<!-- Generated by org.testng.reporters.JUnitReportReporter -->
<testsuite skipped="0" hostname="DESKTOP-6D0EAN5" name="com.payasia.scripts.ExtentDemo" tests="1" failures="0" timestamp="12 Nov 2020 10:33:44 GMT" time="1.287" errors="0">
  <testcase name="extentReportsDemo" time="1.287" classname="com.payasia.scripts.ExtentDemo"/>
</testsuite> <!-- com.payasia.scripts.ExtentDemo -->
