<?xml version="1.0" encoding="UTF-8"?>
<!-- Generated by org.testng.reporters.JUnitReportReporter -->
<testsuite skipped="0" hostname="DESKTOP-J68A8E4" name="com.actitime.scripts.TasksTest" tests="2" failures="0" timestamp="18 Nov 2017 08:18:07 GMT" time="31.808" errors="0">
  <testcase name="createCustomerTest" time="15.914" classname="com.actitime.scripts.TasksTest"/>
  <testcase name="deleteCustomerTest" time="15.894" classname="com.actitime.scripts.TasksTest"/>
</testsuite> <!-- com.actitime.scripts.TasksTest -->
