<?xml version="1.0" encoding="UTF-8"?>
<!-- Generated by org.testng.reporters.JUnitReportReporter -->
<testsuite name="com.payasia.scripts.LoginTest" tests="1" time="74.663" ignored="0" failures="0" timestamp="07 Oct 2020 06:48:36 GMT" skipped="0" hostname="DESKTOP-6D0EAN5" errors="0">
  <testcase name="validLoginTest" time="74.663" classname="com.payasia.scripts.LoginTest"/>
</testsuite> <!-- com.payasia.scripts.LoginTest -->
