<?xml version="1.0" encoding="UTF-8"?>
<!-- Generated by org.testng.reporters.JUnitReportReporter -->
<testsuite name="com.payasia.scripts.LoginTest" tests="1" time="55.275" ignored="1" failures="0" timestamp="08 Jul 2021 05:29:42 GMT" skipped="0" hostname="DESKTOP-6D0EAN5" errors="0">
  <testcase name="validLoginTest" time="55.275" classname="com.payasia.scripts.LoginTest"/>
  <testcase name="invalidLoginTest1" classname="com.payasia.scripts.LoginTest">
    <skipped/>
  </testcase> <!-- invalidLoginTest1 -->
</testsuite> <!-- com.payasia.scripts.LoginTest -->
