<?xml version="1.0" encoding="UTF-8"?>
<!-- Generated by org.testng.reporters.JUnitReportReporter -->
<testsuite name="com.payasia.scripts.LoginTest" tests="1" time="37.411" ignored="0" failures="0" timestamp="10 May 2021 06:47:33 GMT" skipped="0" hostname="DESKTOP-6D0EAN5" errors="0">
  <testcase name="validLoginTest" time="37.411" classname="com.payasia.scripts.LoginTest"/>
</testsuite> <!-- com.payasia.scripts.LoginTest -->
