<?xml version="1.0" encoding="UTF-8"?>
<!-- Generated by org.testng.reporters.JUnitReportReporter -->
<testsuite name="com.payasia.scripts.LoginTest" tests="1" time="46.955" ignored="0" failures="0" timestamp="14 May 2021 14:59:33 GMT" skipped="0" hostname="DESKTOP-6D0EAN5" errors="0">
  <testcase name="validLoginTest" time="46.955" classname="com.payasia.scripts.LoginTest"/>
</testsuite> <!-- com.payasia.scripts.LoginTest -->
